This file contains any messages produced by compilers while
running configure, to aid debugging if configure makes a mistake.

It was created by dns2socks configure 0.0.1, which was
generated by GNU Autoconf 2.69.  Invocation command line was

  $ ./configure 

## --------- ##
## Platform. ##
## --------- ##

hostname = darkside
uname -m = x86_64
uname -r = 5.10.0-9-amd64
uname -s = Linux
uname -v = #1 SMP Debian 5.10.70-1 (2021-09-30)

/usr/bin/uname -p = unknown
/bin/uname -X     = unknown

/bin/arch              = x86_64
/usr/bin/arch -k       = unknown
/usr/convex/getsysinfo = unknown
/usr/bin/hostinfo      = unknown
/bin/machine           = unknown
/usr/bin/oslevel       = unknown
/bin/universe          = unknown

PATH: /usr/local/bin
PATH: /usr/bin
PATH: /bin
PATH: /usr/local/games
PATH: /usr/games


## ----------- ##
## Core tests. ##
## ----------- ##

configure:2383: checking for a BSD-compatible install
configure:2451: result: /usr/bin/install -c
configure:2462: checking whether build environment is sane
configure:2517: result: yes
configure:2663: checking for a thread-safe mkdir -p
configure:2702: result: /usr/bin/mkdir -p
configure:2709: checking for gawk
configure:2739: result: no
configure:2709: checking for mawk
configure:2725: found /usr/bin/mawk
configure:2736: result: mawk
configure:2747: checking whether make sets $(MAKE)
configure:2769: result: yes
configure:2798: checking whether make supports nested variables
configure:2815: result: yes
configure:2994: checking for gcc
configure:3010: found /usr/bin/gcc
configure:3021: result: gcc
configure:3250: checking for C compiler version
configure:3259: gcc --version >&5
gcc (Debian 10.2.1-6) 10.2.1 20210110
Copyright (C) 2020 Free Software Foundation, Inc.
This is free software; see the source for copying conditions.  There is NO
warranty; not even for MERCHANTABILITY or FITNESS FOR A PARTICULAR PURPOSE.

configure:3270: $? = 0
configure:3259: gcc -v >&5
Using built-in specs.
COLLECT_GCC=gcc
COLLECT_LTO_WRAPPER=/usr/lib/gcc/x86_64-linux-gnu/10/lto-wrapper
OFFLOAD_TARGET_NAMES=nvptx-none:amdgcn-amdhsa:hsa
OFFLOAD_TARGET_DEFAULT=1
Target: x86_64-linux-gnu
Configured with: ../src/configure -v --with-pkgversion='Debian 10.2.1-6' --with-bugurl=file:///usr/share/doc/gcc-10/README.Bugs --enable-languages=c,ada,c++,go,brig,d,fortran,objc,obj-c++,m2 --prefix=/usr --with-gcc-major-version-only --program-suffix=-10 --program-prefix=x86_64-linux-gnu- --enable-shared --enable-linker-build-id --libexecdir=/usr/lib --without-included-gettext --enable-threads=posix --libdir=/usr/lib --enable-nls --enable-bootstrap --enable-clocale=gnu --enable-libstdcxx-debug --enable-libstdcxx-time=yes --with-default-libstdcxx-abi=new --enable-gnu-unique-object --disable-vtable-verify --enable-plugin --enable-default-pie --with-system-zlib --enable-libphobos-checking=release --with-target-system-zlib=auto --enable-objc-gc=auto --enable-multiarch --disable-werror --with-arch-32=i686 --with-abi=m64 --with-multilib-list=m32,m64,mx32 --enable-multilib --with-tune=generic --enable-offload-targets=nvptx-none=/build/gcc-10-Km9U7s/gcc-10-10.2.1/debian/tmp-nvptx/usr,amdgcn-amdhsa=/build/gcc-10-Km9U7s/gcc-10-10.2.1/debian/tmp-gcn/usr,hsa --without-cuda-driver --enable-checking=release --build=x86_64-linux-gnu --host=x86_64-linux-gnu --target=x86_64-linux-gnu --with-build-config=bootstrap-lto-lean --enable-link-mutex
Thread model: posix
Supported LTO compression algorithms: zlib zstd
gcc version 10.2.1 20210110 (Debian 10.2.1-6) 
... rest of stderr output deleted ...
configure:3270: $? = 0
configure:3259: gcc -V >&5
gcc: error: unrecognized command-line option '-V'
gcc: fatal error: no input files
compilation terminated.
configure:3270: $? = 1
configure:3259: gcc -qversion >&5
gcc: error: unrecognized command-line option '-qversion'; did you mean '--version'?
gcc: fatal error: no input files
compilation terminated.
configure:3270: $? = 1
configure:3290: checking whether the C compiler works
configure:3312: gcc    conftest.c  >&5
configure:3316: $? = 0
configure:3364: result: yes
configure:3367: checking for C compiler default output file name
configure:3369: result: a.out
configure:3375: checking for suffix of executables
configure:3382: gcc -o conftest    conftest.c  >&5
configure:3386: $? = 0
configure:3408: result: 
configure:3430: checking whether we are cross compiling
configure:3438: gcc -o conftest    conftest.c  >&5
configure:3442: $? = 0
configure:3449: ./conftest
configure:3453: $? = 0
configure:3468: result: no
configure:3473: checking for suffix of object files
configure:3495: gcc -c   conftest.c >&5
configure:3499: $? = 0
configure:3520: result: o
configure:3524: checking whether we are using the GNU C compiler
configure:3543: gcc -c   conftest.c >&5
configure:3543: $? = 0
configure:3552: result: yes
configure:3561: checking whether gcc accepts -g
configure:3581: gcc -c -g  conftest.c >&5
configure:3581: $? = 0
configure:3622: result: yes
configure:3639: checking for gcc option to accept ISO C89
configure:3702: gcc  -c -g -O2  conftest.c >&5
configure:3702: $? = 0
configure:3715: result: none needed
configure:3740: checking whether gcc understands -c and -o together
configure:3762: gcc -c conftest.c -o conftest2.o
configure:3765: $? = 0
configure:3762: gcc -c conftest.c -o conftest2.o
configure:3765: $? = 0
configure:3777: result: yes
configure:3797: checking whether make supports the include directive
configure:3812: make -f confmf.GNU && cat confinc.out
this is the am__doit target
configure:3815: $? = 0
configure:3834: result: yes (GNU style)
configure:3859: checking dependency style of gcc
configure:3970: result: gcc3
configure:3995: checking how to run the C preprocessor
configure:4026: gcc -E  conftest.c
configure:4026: $? = 0
configure:4040: gcc -E  conftest.c
conftest.c:11:10: fatal error: ac_nonexistent.h: No such file or directory
   11 | #include <ac_nonexistent.h>
      |          ^~~~~~~~~~~~~~~~~~
compilation terminated.
configure:4040: $? = 1
configure: failed program was:
| /* confdefs.h */
| #define PACKAGE_NAME "dns2socks"
| #define PACKAGE_TARNAME "dns2socks"
| #define PACKAGE_VERSION "0.0.1"
| #define PACKAGE_STRING "dns2socks 0.0.1"
| #define PACKAGE_BUGREPORT "kvnkmth@github.com"
| #define PACKAGE_URL ""
| #define PACKAGE "dns2socks"
| #define VERSION "0.0.1"
| /* end confdefs.h.  */
| #include <ac_nonexistent.h>
configure:4065: result: gcc -E
configure:4085: gcc -E  conftest.c
configure:4085: $? = 0
configure:4099: gcc -E  conftest.c
conftest.c:11:10: fatal error: ac_nonexistent.h: No such file or directory
   11 | #include <ac_nonexistent.h>
      |          ^~~~~~~~~~~~~~~~~~
compilation terminated.
configure:4099: $? = 1
configure: failed program was:
| /* confdefs.h */
| #define PACKAGE_NAME "dns2socks"
| #define PACKAGE_TARNAME "dns2socks"
| #define PACKAGE_VERSION "0.0.1"
| #define PACKAGE_STRING "dns2socks 0.0.1"
| #define PACKAGE_BUGREPORT "kvnkmth@github.com"
| #define PACKAGE_URL ""
| #define PACKAGE "dns2socks"
| #define VERSION "0.0.1"
| /* end confdefs.h.  */
| #include <ac_nonexistent.h>
configure:4128: checking for grep that handles long lines and -e
configure:4186: result: /usr/bin/grep
configure:4191: checking for egrep
configure:4253: result: /usr/bin/grep -E
configure:4258: checking for ANSI C header files
configure:4278: gcc -c -g -O2  conftest.c >&5
configure:4278: $? = 0
configure:4351: gcc -o conftest -g -O2   conftest.c  >&5
configure:4351: $? = 0
configure:4351: ./conftest
configure:4351: $? = 0
configure:4362: result: yes
configure:4375: checking for sys/types.h
configure:4375: gcc -c -g -O2  conftest.c >&5
configure:4375: $? = 0
configure:4375: result: yes
configure:4375: checking for sys/stat.h
configure:4375: gcc -c -g -O2  conftest.c >&5
configure:4375: $? = 0
configure:4375: result: yes
configure:4375: checking for stdlib.h
configure:4375: gcc -c -g -O2  conftest.c >&5
configure:4375: $? = 0
configure:4375: result: yes
configure:4375: checking for string.h
configure:4375: gcc -c -g -O2  conftest.c >&5
configure:4375: $? = 0
configure:4375: result: yes
configure:4375: checking for memory.h
configure:4375: gcc -c -g -O2  conftest.c >&5
configure:4375: $? = 0
configure:4375: result: yes
configure:4375: checking for strings.h
configure:4375: gcc -c -g -O2  conftest.c >&5
configure:4375: $? = 0
configure:4375: result: yes
configure:4375: checking for inttypes.h
configure:4375: gcc -c -g -O2  conftest.c >&5
configure:4375: $? = 0
configure:4375: result: yes
configure:4375: checking for stdint.h
configure:4375: gcc -c -g -O2  conftest.c >&5
configure:4375: $? = 0
configure:4375: result: yes
configure:4375: checking for unistd.h
configure:4375: gcc -c -g -O2  conftest.c >&5
configure:4375: $? = 0
configure:4375: result: yes
configure:4390: checking arpa/inet.h usability
configure:4390: gcc -c -g -O2  conftest.c >&5
configure:4390: $? = 0
configure:4390: result: yes
configure:4390: checking arpa/inet.h presence
configure:4390: gcc -E  conftest.c
configure:4390: $? = 0
configure:4390: result: yes
configure:4390: checking for arpa/inet.h
configure:4390: result: yes
configure:4390: checking netdb.h usability
configure:4390: gcc -c -g -O2  conftest.c >&5
configure:4390: $? = 0
configure:4390: result: yes
configure:4390: checking netdb.h presence
configure:4390: gcc -E  conftest.c
configure:4390: $? = 0
configure:4390: result: yes
configure:4390: checking for netdb.h
configure:4390: result: yes
configure:4390: checking netinet/in.h usability
configure:4390: gcc -c -g -O2  conftest.c >&5
configure:4390: $? = 0
configure:4390: result: yes
configure:4390: checking netinet/in.h presence
configure:4390: gcc -E  conftest.c
configure:4390: $? = 0
configure:4390: result: yes
configure:4390: checking for netinet/in.h
configure:4390: result: yes
configure:4390: checking for stdint.h
configure:4390: result: yes
configure:4390: checking for stdlib.h
configure:4390: result: yes
configure:4390: checking for string.h
configure:4390: result: yes
configure:4390: checking sys/socket.h usability
configure:4390: gcc -c -g -O2  conftest.c >&5
configure:4390: $? = 0
configure:4390: result: yes
configure:4390: checking sys/socket.h presence
configure:4390: gcc -E  conftest.c
configure:4390: $? = 0
configure:4390: result: yes
configure:4390: checking for sys/socket.h
configure:4390: result: yes
configure:4390: checking for unistd.h
configure:4390: result: yes
configure:4402: checking for int32_t
configure:4402: gcc -c -g -O2  conftest.c >&5
configure:4402: $? = 0
configure:4402: gcc -c -g -O2  conftest.c >&5
conftest.c: In function 'main':
conftest.c:67:53: warning: integer overflow in expression of type 'int' results in '-2147483648' [-Woverflow]
   67 |    < (int32_t) (((((int32_t) 1 << N) << N) - 1) * 2 + 2))];
      |                                                     ^
conftest.c:66:12: error: storage size of 'test_array' isn't constant
   66 | static int test_array [1 - 2 * !((int32_t) (((((int32_t) 1 << N) << N) - 1) * 2 + 1)
      |            ^~~~~~~~~~
configure:4402: $? = 1
configure: failed program was:
| /* confdefs.h */
| #define PACKAGE_NAME "dns2socks"
| #define PACKAGE_TARNAME "dns2socks"
| #define PACKAGE_VERSION "0.0.1"
| #define PACKAGE_STRING "dns2socks 0.0.1"
| #define PACKAGE_BUGREPORT "kvnkmth@github.com"
| #define PACKAGE_URL ""
| #define PACKAGE "dns2socks"
| #define VERSION "0.0.1"
| #define STDC_HEADERS 1
| #define HAVE_SYS_TYPES_H 1
| #define HAVE_SYS_STAT_H 1
| #define HAVE_STDLIB_H 1
| #define HAVE_STRING_H 1
| #define HAVE_MEMORY_H 1
| #define HAVE_STRINGS_H 1
| #define HAVE_INTTYPES_H 1
| #define HAVE_STDINT_H 1
| #define HAVE_UNISTD_H 1
| #define HAVE_ARPA_INET_H 1
| #define HAVE_NETDB_H 1
| #define HAVE_NETINET_IN_H 1
| #define HAVE_STDINT_H 1
| #define HAVE_STDLIB_H 1
| #define HAVE_STRING_H 1
| #define HAVE_SYS_SOCKET_H 1
| #define HAVE_UNISTD_H 1
| /* end confdefs.h.  */
| #include <stdio.h>
| #ifdef HAVE_SYS_TYPES_H
| # include <sys/types.h>
| #endif
| #ifdef HAVE_SYS_STAT_H
| # include <sys/stat.h>
| #endif
| #ifdef STDC_HEADERS
| # include <stdlib.h>
| # include <stddef.h>
| #else
| # ifdef HAVE_STDLIB_H
| #  include <stdlib.h>
| # endif
| #endif
| #ifdef HAVE_STRING_H
| # if !defined STDC_HEADERS && defined HAVE_MEMORY_H
| #  include <memory.h>
| # endif
| # include <string.h>
| #endif
| #ifdef HAVE_STRINGS_H
| # include <strings.h>
| #endif
| #ifdef HAVE_INTTYPES_H
| # include <inttypes.h>
| #endif
| #ifdef HAVE_STDINT_H
| # include <stdint.h>
| #endif
| #ifdef HAVE_UNISTD_H
| # include <unistd.h>
| #endif
| 	        enum { N = 32 / 2 - 1 };
| int
| main ()
| {
| static int test_array [1 - 2 * !((int32_t) (((((int32_t) 1 << N) << N) - 1) * 2 + 1)
| 		 < (int32_t) (((((int32_t) 1 << N) << N) - 1) * 2 + 2))];
| test_array [0] = 0;
| return test_array [0];
| 
|   ;
|   return 0;
| }
configure:4402: result: yes
configure:4413: checking for size_t
configure:4413: gcc -c -g -O2  conftest.c >&5
configure:4413: $? = 0
configure:4413: gcc -c -g -O2  conftest.c >&5
conftest.c: In function 'main':
conftest.c:65:21: error: expected expression before ')' token
   65 | if (sizeof ((size_t)))
      |                     ^
configure:4413: $? = 1
configure: failed program was:
| /* confdefs.h */
| #define PACKAGE_NAME "dns2socks"
| #define PACKAGE_TARNAME "dns2socks"
| #define PACKAGE_VERSION "0.0.1"
| #define PACKAGE_STRING "dns2socks 0.0.1"
| #define PACKAGE_BUGREPORT "kvnkmth@github.com"
| #define PACKAGE_URL ""
| #define PACKAGE "dns2socks"
| #define VERSION "0.0.1"
| #define STDC_HEADERS 1
| #define HAVE_SYS_TYPES_H 1
| #define HAVE_SYS_STAT_H 1
| #define HAVE_STDLIB_H 1
| #define HAVE_STRING_H 1
| #define HAVE_MEMORY_H 1
| #define HAVE_STRINGS_H 1
| #define HAVE_INTTYPES_H 1
| #define HAVE_STDINT_H 1
| #define HAVE_UNISTD_H 1
| #define HAVE_ARPA_INET_H 1
| #define HAVE_NETDB_H 1
| #define HAVE_NETINET_IN_H 1
| #define HAVE_STDINT_H 1
| #define HAVE_STDLIB_H 1
| #define HAVE_STRING_H 1
| #define HAVE_SYS_SOCKET_H 1
| #define HAVE_UNISTD_H 1
| /* end confdefs.h.  */
| #include <stdio.h>
| #ifdef HAVE_SYS_TYPES_H
| # include <sys/types.h>
| #endif
| #ifdef HAVE_SYS_STAT_H
| # include <sys/stat.h>
| #endif
| #ifdef STDC_HEADERS
| # include <stdlib.h>
| # include <stddef.h>
| #else
| # ifdef HAVE_STDLIB_H
| #  include <stdlib.h>
| # endif
| #endif
| #ifdef HAVE_STRING_H
| # if !defined STDC_HEADERS && defined HAVE_MEMORY_H
| #  include <memory.h>
| # endif
| # include <string.h>
| #endif
| #ifdef HAVE_STRINGS_H
| # include <strings.h>
| #endif
| #ifdef HAVE_INTTYPES_H
| # include <inttypes.h>
| #endif
| #ifdef HAVE_STDINT_H
| # include <stdint.h>
| #endif
| #ifdef HAVE_UNISTD_H
| # include <unistd.h>
| #endif
| int
| main ()
| {
| if (sizeof ((size_t)))
| 	    return 0;
|   ;
|   return 0;
| }
configure:4413: result: yes
configure:4424: checking for uint16_t
configure:4424: gcc -c -g -O2  conftest.c >&5
configure:4424: $? = 0
configure:4424: result: yes
configure:4436: checking for uint32_t
configure:4436: gcc -c -g -O2  conftest.c >&5
configure:4436: $? = 0
configure:4436: result: yes
configure:4450: checking for uint8_t
configure:4450: gcc -c -g -O2  conftest.c >&5
configure:4450: $? = 0
configure:4450: result: yes
configure:4468: checking for stdlib.h
configure:4468: result: yes
configure:4478: checking for GNU libc compatible malloc
configure:4502: gcc -o conftest -g -O2   conftest.c  >&5
configure:4502: $? = 0
configure:4502: ./conftest
configure:4502: $? = 0
configure:4512: result: yes
configure:4536: checking for memset
configure:4536: gcc -o conftest -g -O2   conftest.c  >&5
conftest.c:54:6: warning: conflicting types for built-in function 'memset'; expected 'void *(void *, int,  long unsigned int)' [-Wbuiltin-declaration-mismatch]
   54 | char memset ();
      |      ^~~~~~
conftest.c:42:1: note: 'memset' is declared in header '<string.h>'
   41 | # include <limits.h>
   42 | #else
configure:4536: $? = 0
configure:4536: result: yes
configure:4536: checking for socket
configure:4536: gcc -o conftest -g -O2   conftest.c  >&5
configure:4536: $? = 0
configure:4536: result: yes
configure:4536: checking for strchr
configure:4536: gcc -o conftest -g -O2   conftest.c  >&5
conftest.c:56:6: warning: conflicting types for built-in function 'strchr'; expected 'char *(const char *, int)' [-Wbuiltin-declaration-mismatch]
   56 | char strchr ();
      |      ^~~~~~
conftest.c:44:1: note: 'strchr' is declared in header '<string.h>'
   43 | # include <limits.h>
   44 | #else
configure:4536: $? = 0
configure:4536: result: yes
configure:4536: checking for strerror
configure:4536: gcc -o conftest -g -O2   conftest.c  >&5
configure:4536: $? = 0
configure:4536: result: yes
configure:4649: checking that generated files are newer than configure
configure:4655: result: done
configure:4678: creating ./config.status

## ---------------------- ##
## Running config.status. ##
## ---------------------- ##

This file was extended by dns2socks config.status 0.0.1, which was
generated by GNU Autoconf 2.69.  Invocation command line was

  CONFIG_FILES    = 
  CONFIG_HEADERS  = 
  CONFIG_LINKS    = 
  CONFIG_COMMANDS = 
  $ ./config.status 

on darkside

config.status:867: creating Makefile
config.status:867: creating config.h
config.status:1048: config.h is unchanged
config.status:1096: executing depfiles commands
config.status:1173: cd .       && sed -e '/# am--include-marker/d' Makefile         | make -f - am--depfiles
make: Nothing to be done for 'am--depfiles'.
config.status:1178: $? = 0

## ---------------- ##
## Cache variables. ##
## ---------------- ##

ac_cv_c_compiler_gnu=yes
ac_cv_c_int32_t=yes
ac_cv_c_uint16_t=yes
ac_cv_c_uint32_t=yes
ac_cv_c_uint8_t=yes
ac_cv_env_CC_set=
ac_cv_env_CC_value=
ac_cv_env_CFLAGS_set=
ac_cv_env_CFLAGS_value=
ac_cv_env_CPPFLAGS_set=
ac_cv_env_CPPFLAGS_value=
ac_cv_env_CPP_set=
ac_cv_env_CPP_value=
ac_cv_env_LDFLAGS_set=
ac_cv_env_LDFLAGS_value=
ac_cv_env_LIBS_set=
ac_cv_env_LIBS_value=
ac_cv_env_build_alias_set=
ac_cv_env_build_alias_value=
ac_cv_env_host_alias_set=
ac_cv_env_host_alias_value=
ac_cv_env_target_alias_set=
ac_cv_env_target_alias_value=
ac_cv_func_malloc_0_nonnull=yes
ac_cv_func_memset=yes
ac_cv_func_socket=yes
ac_cv_func_strchr=yes
ac_cv_func_strerror=yes
ac_cv_header_arpa_inet_h=yes
ac_cv_header_inttypes_h=yes
ac_cv_header_memory_h=yes
ac_cv_header_netdb_h=yes
ac_cv_header_netinet_in_h=yes
ac_cv_header_stdc=yes
ac_cv_header_stdint_h=yes
ac_cv_header_stdlib_h=yes
ac_cv_header_string_h=yes
ac_cv_header_strings_h=yes
ac_cv_header_sys_socket_h=yes
ac_cv_header_sys_stat_h=yes
ac_cv_header_sys_types_h=yes
ac_cv_header_unistd_h=yes
ac_cv_objext=o
ac_cv_path_EGREP='/usr/bin/grep -E'
ac_cv_path_GREP=/usr/bin/grep
ac_cv_path_install='/usr/bin/install -c'
ac_cv_path_mkdir=/usr/bin/mkdir
ac_cv_prog_AWK=mawk
ac_cv_prog_CPP='gcc -E'
ac_cv_prog_ac_ct_CC=gcc
ac_cv_prog_cc_c89=
ac_cv_prog_cc_g=yes
ac_cv_prog_make_make_set=yes
ac_cv_type_size_t=yes
am_cv_CC_dependencies_compiler_type=gcc3
am_cv_make_support_nested_variables=yes
am_cv_prog_cc_c_o=yes

## ----------------- ##
## Output variables. ##
## ----------------- ##

ACLOCAL='${SHELL} '\''/home/darkside/dns2socks/missing'\'' aclocal-1.16'
AMDEPBACKSLASH='\'
AMDEP_FALSE='#'
AMDEP_TRUE=''
AMTAR='$${TAR-tar}'
AM_BACKSLASH='\'
AM_DEFAULT_V='$(AM_DEFAULT_VERBOSITY)'
AM_DEFAULT_VERBOSITY='1'
AM_V='$(V)'
AUTOCONF='${SHELL} '\''/home/darkside/dns2socks/missing'\'' autoconf'
AUTOHEADER='${SHELL} '\''/home/darkside/dns2socks/missing'\'' autoheader'
AUTOMAKE='${SHELL} '\''/home/darkside/dns2socks/missing'\'' automake-1.16'
AWK='mawk'
CC='gcc'
CCDEPMODE='depmode=gcc3'
CFLAGS='-g -O2'
CPP='gcc -E'
CPPFLAGS=''
CYGPATH_W='echo'
DEFS='-DHAVE_CONFIG_H'
DEPDIR='.deps'
ECHO_C=''
ECHO_N='-n'
ECHO_T=''
EGREP='/usr/bin/grep -E'
EXEEXT=''
GREP='/usr/bin/grep'
INSTALL_DATA='${INSTALL} -m 644'
INSTALL_PROGRAM='${INSTALL}'
INSTALL_SCRIPT='${INSTALL}'
INSTALL_STRIP_PROGRAM='$(install_sh) -c -s'
LDFLAGS=''
LIBOBJS=''
LIBS=''
LTLIBOBJS=''
MAKEINFO='${SHELL} '\''/home/darkside/dns2socks/missing'\'' makeinfo'
MKDIR_P='/usr/bin/mkdir -p'
OBJEXT='o'
PACKAGE='dns2socks'
PACKAGE_BUGREPORT='kvnkmth@github.com'
PACKAGE_NAME='dns2socks'
PACKAGE_STRING='dns2socks 0.0.1'
PACKAGE_TARNAME='dns2socks'
PACKAGE_URL=''
PACKAGE_VERSION='0.0.1'
PATH_SEPARATOR=':'
SET_MAKE=''
SHELL='/bin/bash'
STRIP=''
VERSION='0.0.1'
ac_ct_CC='gcc'
am__EXEEXT_FALSE=''
am__EXEEXT_TRUE='#'
am__fastdepCC_FALSE='#'
am__fastdepCC_TRUE=''
am__include='include'
am__isrc=''
am__leading_dot='.'
am__nodep='_no'
am__quote=''
am__tar='$${TAR-tar} chof - "$$tardir"'
am__untar='$${TAR-tar} xf -'
bindir='${exec_prefix}/bin'
build_alias=''
datadir='${datarootdir}'
datarootdir='${prefix}/share'
docdir='${datarootdir}/doc/${PACKAGE_TARNAME}'
dvidir='${docdir}'
exec_prefix='${prefix}'
host_alias=''
htmldir='${docdir}'
includedir='${prefix}/include'
infodir='${datarootdir}/info'
install_sh='${SHELL} /home/darkside/dns2socks/install-sh'
libdir='${exec_prefix}/lib'
libexecdir='${exec_prefix}/libexec'
localedir='${datarootdir}/locale'
localstatedir='${prefix}/var'
mandir='${datarootdir}/man'
mkdir_p='$(MKDIR_P)'
oldincludedir='/usr/include'
pdfdir='${docdir}'
prefix='/usr/local'
program_transform_name='s,x,x,'
psdir='${docdir}'
runstatedir='${localstatedir}/run'
sbindir='${exec_prefix}/sbin'
sharedstatedir='${prefix}/com'
sysconfdir='${prefix}/etc'
target_alias=''

## ----------- ##
## confdefs.h. ##
## ----------- ##

/* confdefs.h */
#define PACKAGE_NAME "dns2socks"
#define PACKAGE_TARNAME "dns2socks"
#define PACKAGE_VERSION "0.0.1"
#define PACKAGE_STRING "dns2socks 0.0.1"
#define PACKAGE_BUGREPORT "kvnkmth@github.com"
#define PACKAGE_URL ""
#define PACKAGE "dns2socks"
#define VERSION "0.0.1"
#define STDC_HEADERS 1
#define HAVE_SYS_TYPES_H 1
#define HAVE_SYS_STAT_H 1
#define HAVE_STDLIB_H 1
#define HAVE_STRING_H 1
#define HAVE_MEMORY_H 1
#define HAVE_STRINGS_H 1
#define HAVE_INTTYPES_H 1
#define HAVE_STDINT_H 1
#define HAVE_UNISTD_H 1
#define HAVE_ARPA_INET_H 1
#define HAVE_NETDB_H 1
#define HAVE_NETINET_IN_H 1
#define HAVE_STDINT_H 1
#define HAVE_STDLIB_H 1
#define HAVE_STRING_H 1
#define HAVE_SYS_SOCKET_H 1
#define HAVE_UNISTD_H 1
#define HAVE_STDLIB_H 1
#define HAVE_MALLOC 1
#define HAVE_MEMSET 1
#define HAVE_SOCKET 1
#define HAVE_STRCHR 1
#define HAVE_STRERROR 1

configure: exit 0
